# JRE version: Java(TM) SE Runtime Environment (8.0_51-b16) (build 1.8.0_51-b16)
# Java VM: Java HotSpot(TM) 64-Bit Server VM (25.51-b03 mixed mode windows-amd64 compressed oops)
Heap:
 PSYoungGen      total 297472K, used 207231K [0x00000000eab00000, 0x00000000ffb00000, 0x0000000100000000)
  eden space 252928K, 80% used [0x00000000eab00000,0x00000000f709fc60,0x00000000fa200000)
  from space 44544K, 10% used [0x00000000fa200000,0x00000000fa6c0000,0x00000000fcd80000)
  to   space 41984K, 0% used [0x00000000fd200000,0x00000000fd200000,0x00000000ffb00000)
 ParOldGen       total 237568K, used 161988K [0x00000000c0000000, 0x00000000ce800000, 0x00000000eab00000)
  object space 237568K, 68% used [0x00000000c0000000,0x00000000c9e31088,0x00000000ce800000)
 Metaspace       used 67135K, capacity 69586K, committed 69888K, reserved 1110016K
  class space    used 8280K, capacity 9121K, committed 9216K, reserved 1048576K
GC Heap History (10 events):
Event: 2088.344 GC heap before
{Heap before GC invocations=55 (full 6):
 PSYoungGen      total 283648K, used 239952K [0x00000000eab00000, 0x00000000ff500000, 0x0000000100000000)
  eden space 228864K, 100% used [0x00000000eab00000,0x00000000f8a80000,0x00000000f8a80000)
  from space 54784K, 20% used [0x00000000fbf80000,0x00000000fca54010,0x00000000ff500000)
  to   space 54272K, 0% used [0x00000000f8a80000,0x00000000f8a80000,0x00000000fbf80000)
 ParOldGen       total 237568K, used 137457K [0x00000000c0000000, 0x00000000ce800000, 0x00000000eab00000)
  object space 237568K, 57% used [0x00000000c0000000,0x00000000c863c4f0,0x00000000ce800000)
 Metaspace       used 66946K, capacity 69240K, committed 69504K, reserved 1110016K
  class space    used 8257K, capacity 9066K, committed 9088K, reserved 1048576K
Event: 2088.376 GC heap after
Heap after GC invocations=55 (full 6):
 PSYoungGen      total 283136K, used 4256K [0x00000000eab00000, 0x00000000ffa80000, 0x0000000100000000)
  eden space 228864K, 0% used [0x00000000eab00000,0x00000000eab00000,0x00000000f8a80000)
  from space 54272K, 7% used [0x00000000f8a80000,0x00000000f8ea8000,0x00000000fbf80000)
  to   space 51712K, 0% used [0x00000000fc800000,0x00000000fc800000,0x00000000ffa80000)
 ParOldGen       total 237568K, used 146463K [0x00000000c0000000, 0x00000000ce800000, 0x00000000eab00000)
  object space 237568K, 61% used [0x00000000c0000000,0x00000000c8f07e48,0x00000000ce800000)
 Metaspace       used 66946K, capacity 69240K, committed 69504K, reserved 1110016K
  class space    used 8257K, capacity 9066K, committed 9088K, reserved 1048576K
}
Event: 2089.376 GC heap before
{Heap before GC invocations=56 (full 6):
 PSYoungGen      total 283136K, used 233120K [0x00000000eab00000, 0x00000000ffa80000, 0x0000000100000000)
  eden space 228864K, 100% used [0x00000000eab00000,0x00000000f8a80000,0x00000000f8a80000)
  from space 54272K, 7% used [0x00000000f8a80000,0x00000000f8ea8000,0x00000000fbf80000)
  to   space 51712K, 0% used [0x00000000fc800000,0x00000000fc800000,0x00000000ffa80000)
 ParOldGen       total 237568K, used 146463K [0x00000000c0000000, 0x00000000ce800000, 0x00000000eab00000)
  object space 237568K, 61% used [0x00000000c0000000,0x00000000c8f07e48,0x00000000ce800000)
 Metaspace       used 66946K, capacity 69240K, committed 69504K, reserved 1110016K
  class space    used 8257K, capacity 9066K, committed 9088K, reserved 1048576K
Event: 2089.392 GC heap after
Heap after GC invocations=56 (full 6):
 PSYoungGen      total 292352K, used 4768K [0x00000000eab00000, 0x00000000ff880000, 0x0000000100000000)
  eden space 242688K, 0% used [0x00000000eab00000,0x00000000eab00000,0x00000000f9800000)
  from space 49664K, 9% used [0x00000000fc800000,0x00000000fcca8000,0x00000000ff880000)
  to   space 49152K, 0% used [0x00000000f9800000,0x00000000f9800000,0x00000000fc800000)
 ParOldGen       total 237568K, used 150695K [0x00000000c0000000, 0x00000000ce800000, 0x00000000eab00000)
  object space 237568K, 63% used [0x00000000c0000000,0x00000000c9329e48,0x00000000ce800000)
 Metaspace       used 66946K, capacity 69240K, committed 69504K, reserved 1110016K
  class space    used 8257K, capacity 9066K, committed 9088K, reserved 1048576K
}
Event: 2089.779 GC heap before
{Heap before GC invocations=57 (full 6):
 PSYoungGen      total 292352K, used 247456K [0x00000000eab00000, 0x00000000ff880000, 0x0000000100000000)
  eden space 242688K, 100% used [0x00000000eab00000,0x00000000f9800000,0x00000000f9800000)
  from space 49664K, 9% used [0x00000000fc800000,0x00000000fcca8000,0x00000000ff880000)
  to   space 49152K, 0% used [0x00000000f9800000,0x00000000f9800000,0x00000000fc800000)
 ParOldGen       total 237568K, used 150695K [0x00000000c0000000, 0x00000000ce800000, 0x00000000eab00000)
  object space 237568K, 63% used [0x00000000c0000000,0x00000000c9329e48,0x00000000ce800000)
 Metaspace       used 66946K, capacity 69240K, committed 69504K, reserved 1110016K
  class space    used 8257K, capacity 9066K, committed 9088K, reserved 1048576K
Event: 2089.787 GC heap after
Heap after GC invocations=57 (full 6):
 PSYoungGen      total 291840K, used 2048K [0x00000000eab00000, 0x00000000ffb80000, 0x0000000100000000)
  eden space 242688K, 0% used [0x00000000eab00000,0x00000000eab00000,0x00000000f9800000)
  from space 49152K, 4% used [0x00000000f9800000,0x00000000f9a00000,0x00000000fc800000)
  to   space 47104K, 0% used [0x00000000fcd80000,0x00000000fcd80000,0x00000000ffb80000)
 ParOldGen       total 237568K, used 155519K [0x00000000c0000000, 0x00000000ce800000, 0x00000000eab00000)
  object space 237568K, 65% used [0x00000000c0000000,0x00000000c97dfe48,0x00000000ce800000)
 Metaspace       used 66946K, capacity 69240K, committed 69504K, reserved 1110016K
  class space    used 8257K, capacity 9066K, committed 9088K, reserved 1048576K
}
Event: 2090.264 GC heap before
{Heap before GC invocations=58 (full 6):
 PSYoungGen      total 291840K, used 244736K [0x00000000eab00000, 0x00000000ffb80000, 0x0000000100000000)
  eden space 242688K, 100% used [0x00000000eab00000,0x00000000f9800000,0x00000000f9800000)
  from space 49152K, 4% used [0x00000000f9800000,0x00000000f9a00000,0x00000000fc800000)
  to   space 47104K, 0% used [0x00000000fcd80000,0x00000000fcd80000,0x00000000ffb80000)
 ParOldGen       total 237568K, used 155519K [0x00000000c0000000, 0x00000000ce800000, 0x00000000eab00000)
  object space 237568K, 65% used [0x00000000c0000000,0x00000000c97dfe48,0x00000000ce800000)
 Metaspace       used 66946K, capacity 69240K, committed 69504K, reserved 1110016K
  class space    used 8257K, capacity 9066K, committed 9088K, reserved 1048576K
Event: 2090.273 GC heap after
Heap after GC invocations=58 (full 6):
 PSYoungGen      total 297472K, used 4448K [0x00000000eab00000, 0x00000000ff900000, 0x0000000100000000)
  eden space 252928K, 0% used [0x00000000eab00000,0x00000000eab00000,0x00000000fa200000)
  from space 44544K, 9% used [0x00000000fcd80000,0x00000000fd1d8000,0x00000000ff900000)
  to   space 44544K, 0% used [0x00000000fa200000,0x00000000fa200000,0x00000000fcd80000)
 ParOldGen       total 237568K, used 157543K [0x00000000c0000000, 0x00000000ce800000, 0x00000000eab00000)
  object space 237568K, 66% used [0x00000000c0000000,0x00000000c99d9e48,0x00000000ce800000)
 Metaspace       used 66946K, capacity 69240K, committed 69504K, reserved 1110016K
  class space    used 8257K, capacity 9066K, committed 9088K, reserved 1048576K
}
Event: 2091.015 GC heap before
{Heap before GC invocations=59 (full 6):
 PSYoungGen      total 297472K, used 257376K [0x00000000eab00000, 0x00000000ff900000, 0x0000000100000000)
  eden space 252928K, 100% used [0x00000000eab00000,0x00000000fa200000,0x00000000fa200000)
  from space 44544K, 9% used [0x00000000fcd80000,0x00000000fd1d8000,0x00000000ff900000)
  to   space 44544K, 0% used [0x00000000fa200000,0x00000000fa200000,0x00000000fcd80000)
 ParOldGen       total 237568K, used 157543K [0x00000000c0000000, 0x00000000ce800000, 0x00000000eab00000)
  object space 237568K, 66% used [0x00000000c0000000,0x00000000c99d9e48,0x00000000ce800000)
 Metaspace       used 66946K, capacity 69240K, committed 69504K, reserved 1110016K
  class space    used 8257K, capacity 9066K, committed 9088K, reserved 1048576K
Event: 2091.034 GC heap after
Heap after GC invocations=59 (full 6):
 PSYoungGen      total 297472K, used 4864K [0x00000000eab00000, 0x00000000ffb00000, 0x0000000100000000)
  eden space 252928K, 0% used [0x00000000eab00000,0x00000000eab00000,0x00000000fa200000)
  from space 44544K, 10% used [0x00000000fa200000,0x00000000fa6c0000,0x00000000fcd80000)
  to   space 41984K, 0% used [0x00000000fd200000,0x00000000fd200000,0x00000000ffb00000)
 ParOldGen       total 237568K, used 161988K [0x00000000c0000000, 0x00000000ce800000, 0x00000000eab00000)
  object space 237568K, 68% used [0x00000000c0000000,0x00000000c9e31088,0x00000000ce800000)
 Metaspace       used 66946K, capacity 69240K, committed 69504K, reserved 1110016K
  class space    used 8257K, capacity 9066K, committed 9088K, reserved 1048576K
}

